::1 - - [19/Jul/2022:01:17:36 +0400] "GET /phpmyadmin/ HTTP/1.1" 200 10568
::1 - - [19/Jul/2022:01:17:41 +0400] "POST /phpmyadmin/index.php?route=/config/get HTTP/1.1" 200 1724
::1 - - [19/Jul/2022:01:17:41 +0400] "POST /phpmyadmin/index.php?route=/navigation&ajax_request=1 HTTP/1.1" 200 2360
::1 - - [19/Jul/2022:01:17:41 +0400] "POST /phpmyadmin/index.php?route=/config/get HTTP/1.1" 200 1814
::1 - - [19/Jul/2022:01:17:42 +0400] "POST /phpmyadmin/index.php?route=/navigation&ajax_request=1 HTTP/1.1" 200 2267
::1 - - [19/Jul/2022:01:17:42 +0400] "GET /libs/css/custom.css HTTP/1.1" 200 41
::1 - - [19/Jul/2022:01:17:42 +0400] "POST /phpmyadmin/index.php?route=/config/set HTTP/1.1" 200 1714
::1 - - [19/Jul/2022:01:17:42 +0400] "GET /favicon.ico HTTP/1.1" 200 41
::1 - - [19/Jul/2022:01:17:44 +0400] "GET /phpmyadmin/ HTTP/1.1" 200 16992
::1 - - [19/Jul/2022:01:17:45 +0400] "GET /phpmyadmin/themes/pmahomme/css/theme.css?v=5.1.3&nocache=-1268153762ltr&server=1 HTTP/1.1" 200 216144
::1 - - [19/Jul/2022:01:17:45 +0400] "POST /phpmyadmin/index.php?route=/config/get HTTP/1.1" 200 1724
::1 - - [19/Jul/2022:01:17:45 +0400] "POST /phpmyadmin/index.php?route=/navigation&ajax_request=1 HTTP/1.1" 200 2766
::1 - - [19/Jul/2022:01:17:45 +0400] "POST /phpmyadmin/index.php?route=/config/get HTTP/1.1" 200 1814
::1 - - [19/Jul/2022:01:17:45 +0400] "POST /phpmyadmin/index.php?route=/version-check HTTP/1.1" 200 48
::1 - - [19/Jul/2022:01:17:45 +0400] "POST /phpmyadmin/index.php?route=/config/set HTTP/1.1" 200 1714
::1 - - [19/Jul/2022:01:17:46 +0400] "GET /phpmyadmin/ HTTP/1.1" 200 16989
::1 - - [19/Jul/2022:01:17:46 +0400] "GET /phpmyadmin/themes/pmahomme/css/theme.css?v=5.1.3&nocache=-777770850ltr&server=1 HTTP/1.1" 200 216144
::1 - - [19/Jul/2022:01:17:46 +0400] "POST /phpmyadmin/index.php?route=/config/get HTTP/1.1" 200 1724
::1 - - [19/Jul/2022:01:17:46 +0400] "POST /phpmyadmin/index.php?route=/navigation&ajax_request=1 HTTP/1.1" 200 2766
::1 - - [19/Jul/2022:01:17:46 +0400] "POST /phpmyadmin/index.php?route=/config/get HTTP/1.1" 200 1814
::1 - - [19/Jul/2022:01:17:46 +0400] "POST /phpmyadmin/index.php?route=/version-check HTTP/1.1" 200 48
::1 - - [19/Jul/2022:01:17:46 +0400] "POST /phpmyadmin/index.php?route=/config/set HTTP/1.1" 200 1714
::1 - - [19/Jul/2022:01:17:49 +0400] "GET /phpmyadmin/index.php?route=/sql&server=1&db=test&table=categories&pos=0&ajax_request=true&ajax_page_request=true&_nocache=1658179069827730929&token=74577475692e4c2d55652e722751762c HTTP/1.1" 200 8753
::1 - - [19/Jul/2022:01:17:50 +0400] "GET /phpmyadmin/index.php?route=/recent-table&ajax_request=1&recent_table=1&no_debug=true&_nocache=1658179070675860506&token=74577475692e4c2d55652e722751762c HTTP/1.1" 200 1775
::1 - - [19/Jul/2022:01:17:56 +0400] "GET /phpmyadmin/index.php?route=/table/change&db=test&table=categories&ajax_request=true&ajax_page_request=true&_nocache=1658179076241499755&token=74577475692e4c2d55652e722751762c HTTP/1.1" 200 7251
::1 - - [19/Jul/2022:01:17:56 +0400] "GET /phpmyadmin/index.php?route=/recent-table&ajax_request=1&recent_table=1&no_debug=true&_nocache=1658179076641333304&token=74577475692e4c2d55652e722751762c HTTP/1.1" 200 1775
::1 - - [19/Jul/2022:01:18:27 +0400] "POST /phpmyadmin/index.php?route=/table/replace HTTP/1.1" 200 6283
::1 - - [19/Jul/2022:01:18:28 +0400] "GET /phpmyadmin/index.php?route=/recent-table&ajax_request=1&recent_table=1&no_debug=true&_nocache=1658179108370564089&token=74577475692e4c2d55652e722751762c HTTP/1.1" 200 1775
::1 - - [19/Jul/2022:01:18:28 +0400] "POST /phpmyadmin/index.php?route=/lint HTTP/1.1" 200 28
::1 - - [19/Jul/2022:01:18:40 +0400] "GET /phpmyadmin/index.php?route=/sql&db=test&table=categories&pos=0&ajax_request=true&ajax_page_request=true&_nocache=1658179120621649821&token=74577475692e4c2d55652e722751762c HTTP/1.1" 200 8846
::1 - - [19/Jul/2022:01:18:40 +0400] "GET /phpmyadmin/index.php?route=/recent-table&ajax_request=1&recent_table=1&no_debug=true&_nocache=1658179120912165209&token=74577475692e4c2d55652e722751762c HTTP/1.1" 200 1775
::1 - - [19/Jul/2022:01:18:46 +0400] "GET /phpmyadmin/index.php?route=/table/sql&db=test&table=categories&ajax_request=true&ajax_page_request=true&_nocache=1658179126156504355&token=74577475692e4c2d55652e722751762c HTTP/1.1" 200 5896
::1 - - [19/Jul/2022:01:18:46 +0400] "POST /phpmyadmin/index.php?route=/lint HTTP/1.1" 200 28
::1 - - [19/Jul/2022:01:18:46 +0400] "GET /phpmyadmin/index.php?route=/recent-table&ajax_request=1&recent_table=1&no_debug=true&_nocache=1658179126393566576&token=74577475692e4c2d55652e722751762c HTTP/1.1" 200 1775
::1 - - [19/Jul/2022:01:18:48 +0400] "POST /phpmyadmin/index.php?route=/database/sql/autocomplete HTTP/1.1" 200 2114
::1 - - [19/Jul/2022:01:18:49 +0400] "POST /phpmyadmin/index.php?route=/lint HTTP/1.1" 200 28
::1 - - [19/Jul/2022:01:18:56 +0400] "POST /phpmyadmin/index.php?route=/lint HTTP/1.1" 200 28
::1 - - [19/Jul/2022:01:18:59 +0400] "POST /phpmyadmin/index.php?route=/lint HTTP/1.1" 200 28
::1 - - [19/Jul/2022:01:19:00 +0400] "POST /phpmyadmin/index.php?route=/lint HTTP/1.1" 200 28
::1 - - [19/Jul/2022:01:21:04 +0400] "POST /phpmyadmin/index.php?route=/lint HTTP/1.1" 200 28
::1 - - [19/Jul/2022:01:21:06 +0400] "POST /phpmyadmin/index.php?route=/lint HTTP/1.1" 200 28
::1 - - [19/Jul/2022:01:21:13 +0400] "POST /phpmyadmin/index.php?route=/import HTTP/1.1" 200 2330
::1 - - [19/Jul/2022:01:21:18 +0400] "GET /phpmyadmin/index.php?route=/sql&db=test&table=categories&pos=0&ajax_request=true&ajax_page_request=true&_nocache=1658179278647184979&token=74577475692e4c2d55652e722751762c HTTP/1.1" 200 8924
::1 - - [19/Jul/2022:01:21:18 +0400] "GET /phpmyadmin/index.php?route=/recent-table&ajax_request=1&recent_table=1&no_debug=true&_nocache=1658179278925155069&token=74577475692e4c2d55652e722751762c HTTP/1.1" 200 1775
::1 - - [19/Jul/2022:01:21:21 +0400] "GET /phpmyadmin/index.php?route=/table/sql&db=test&table=categories&ajax_request=true&ajax_page_request=true&_nocache=1658179281164212060&token=74577475692e4c2d55652e722751762c HTTP/1.1" 200 5896
::1 - - [19/Jul/2022:01:21:21 +0400] "GET /phpmyadmin/index.php?route=/recent-table&ajax_request=1&recent_table=1&no_debug=true&_nocache=16581792814217674&token=74577475692e4c2d55652e722751762c HTTP/1.1" 200 1775
::1 - - [19/Jul/2022:01:21:21 +0400] "POST /phpmyadmin/index.php?route=/lint HTTP/1.1" 200 28
::1 - - [19/Jul/2022:01:21:22 +0400] "POST /phpmyadmin/index.php?route=/database/sql/autocomplete HTTP/1.1" 200 2114
::1 - - [19/Jul/2022:01:21:23 +0400] "POST /phpmyadmin/index.php?route=/lint HTTP/1.1" 200 28
::1 - - [19/Jul/2022:01:21:29 +0400] "POST /phpmyadmin/index.php?route=/lint HTTP/1.1" 200 28
::1 - - [19/Jul/2022:01:21:30 +0400] "POST /phpmyadmin/index.php?route=/lint HTTP/1.1" 200 28
::1 - - [19/Jul/2022:01:21:32 +0400] "POST /phpmyadmin/index.php?route=/import HTTP/1.1" 200 2327
::1 - - [19/Jul/2022:01:21:36 +0400] "POST /phpmyadmin/index.php?route=/lint HTTP/1.1" 200 28
::1 - - [19/Jul/2022:01:21:38 +0400] "POST /phpmyadmin/index.php?route=/import HTTP/1.1" 200 2330
::1 - - [19/Jul/2022:01:21:42 +0400] "GET /phpmyadmin/index.php?route=/sql&server=1&db=test&table=categories&pos=0 HTTP/1.1" 200 16604
::1 - - [19/Jul/2022:01:21:43 +0400] "GET /phpmyadmin/themes/pmahomme/css/theme.css?v=5.1.3&nocache=-1379594939ltr&server=1 HTTP/1.1" 200 216144
::1 - - [19/Jul/2022:01:21:43 +0400] "POST /phpmyadmin/index.php?route=/config/get HTTP/1.1" 200 1726
::1 - - [19/Jul/2022:01:21:43 +0400] "POST /phpmyadmin/index.php?route=/navigation&ajax_request=1 HTTP/1.1" 200 2388
::1 - - [19/Jul/2022:01:21:43 +0400] "POST /phpmyadmin/index.php?route=/config/get HTTP/1.1" 200 1816
::1 - - [19/Jul/2022:01:21:43 +0400] "GET /phpmyadmin/index.php?route=/recent-table&ajax_request=1&recent_table=1&no_debug=true&_nocache=1658179303471904355&token=74577475692e4c2d55652e722751762c HTTP/1.1" 200 1775
::1 - - [19/Jul/2022:01:21:43 +0400] "POST /phpmyadmin/index.php?route=/navigation&ajax_request=1 HTTP/1.1" 200 2269
::1 - - [19/Jul/2022:01:21:43 +0400] "POST /phpmyadmin/index.php?route=/config/set HTTP/1.1" 200 1716
::1 - - [19/Jul/2022:01:21:53 +0400] "POST /phpmyadmin/index.php?route=/lint HTTP/1.1" 200 28
::1 - - [19/Jul/2022:01:21:55 +0400] "POST /phpmyadmin/index.php?route=/import HTTP/1.1" 200 2328
::1 - - [19/Jul/2022:01:21:59 +0400] "POST /phpmyadmin/index.php?route=/lint HTTP/1.1" 200 28
::1 - - [19/Jul/2022:01:22:01 +0400] "POST /phpmyadmin/index.php?route=/import HTTP/1.1" 200 2330
::1 - - [19/Jul/2022:01:22:11 +0400] "POST /phpmyadmin/index.php?route=/lint HTTP/1.1" 200 28
::1 - - [19/Jul/2022:01:22:12 +0400] "POST /phpmyadmin/index.php?route=/lint HTTP/1.1" 200 28
::1 - - [19/Jul/2022:01:22:13 +0400] "POST /phpmyadmin/index.php?route=/import HTTP/1.1" 200 2330
::1 - - [19/Jul/2022:01:22:17 +0400] "POST /phpmyadmin/index.php?route=/lint HTTP/1.1" 200 28
::1 - - [19/Jul/2022:01:22:18 +0400] "POST /phpmyadmin/index.php?route=/lint HTTP/1.1" 200 28
::1 - - [19/Jul/2022:01:22:25 +0400] "POST /phpmyadmin/index.php?route=/import HTTP/1.1" 200 2331
::1 - - [19/Jul/2022:01:22:33 +0400] "POST /phpmyadmin/index.php?route=/lint HTTP/1.1" 200 28
::1 - - [19/Jul/2022:01:22:35 +0400] "POST /phpmyadmin/index.php?route=/import HTTP/1.1" 200 2331
::1 - - [19/Jul/2022:01:22:43 +0400] "POST /phpmyadmin/index.php?route=/lint HTTP/1.1" 200 28
::1 - - [19/Jul/2022:01:22:44 +0400] "POST /phpmyadmin/index.php?route=/import HTTP/1.1" 200 2332
::1 - - [19/Jul/2022:01:22:52 +0400] "POST /phpmyadmin/index.php?route=/lint HTTP/1.1" 200 28
::1 - - [19/Jul/2022:01:22:53 +0400] "POST /phpmyadmin/index.php?route=/import HTTP/1.1" 200 2331
::1 - - [19/Jul/2022:01:23:05 +0400] "POST /phpmyadmin/index.php?route=/lint HTTP/1.1" 200 28
::1 - - [19/Jul/2022:01:23:07 +0400] "POST /phpmyadmin/index.php?route=/lint HTTP/1.1" 200 28
::1 - - [19/Jul/2022:01:23:08 +0400] "POST /phpmyadmin/index.php?route=/import HTTP/1.1" 200 2328
::1 - - [19/Jul/2022:01:23:15 +0400] "POST /phpmyadmin/index.php?route=/lint HTTP/1.1" 200 28
::1 - - [19/Jul/2022:01:23:16 +0400] "POST /phpmyadmin/index.php?route=/lint HTTP/1.1" 200 28
::1 - - [19/Jul/2022:01:23:16 +0400] "POST /phpmyadmin/index.php?route=/lint HTTP/1.1" 200 28
::1 - - [19/Jul/2022:01:23:18 +0400] "POST /phpmyadmin/index.php?route=/import HTTP/1.1" 200 2330
::1 - - [19/Jul/2022:01:23:26 +0400] "POST /phpmyadmin/index.php?route=/lint HTTP/1.1" 200 28
::1 - - [19/Jul/2022:01:23:27 +0400] "POST /phpmyadmin/index.php?route=/lint HTTP/1.1" 200 28
::1 - - [19/Jul/2022:01:23:28 +0400] "POST /phpmyadmin/index.php?route=/import HTTP/1.1" 200 2330
::1 - - [19/Jul/2022:01:23:30 +0400] "GET /phpmyadmin/index.php?route=/sql&db=test&table=categories&pos=0&ajax_request=true&ajax_page_request=true&_nocache=1658179410592729749&token=74577475692e4c2d55652e722751762c HTTP/1.1" 200 10560
::1 - - [19/Jul/2022:01:23:30 +0400] "GET /phpmyadmin/index.php?route=/recent-table&ajax_request=1&recent_table=1&no_debug=true&_nocache=1658179410918499006&token=74577475692e4c2d55652e722751762c HTTP/1.1" 200 1775
::1 - - [19/Jul/2022:01:23:38 +0400] "GET / HTTP/1.1" 200 1129
::1 - - [19/Jul/2022:01:23:38 +0400] "GET /libs/css/custom.css HTTP/1.1" 200 41
::1 - - [19/Jul/2022:01:23:38 +0400] "GET /favicon.ico HTTP/1.1" 200 41
::1 - - [19/Jul/2022:01:23:39 +0400] "GET /drivers HTTP/1.1" 200 1400
::1 - - [19/Jul/2022:01:23:40 +0400] "GET /libs/css/custom.css HTTP/1.1" 200 41
::1 - - [19/Jul/2022:01:23:40 +0400] "GET /favicon.ico HTTP/1.1" 200 41
::1 - - [19/Jul/2022:01:23:42 +0400] "GET /drivers/create HTTP/1.1" 200 5224
::1 - - [19/Jul/2022:01:23:42 +0400] "GET /drivers/libs/css/custom.css HTTP/1.1" 200 41
::1 - - [19/Jul/2022:01:23:42 +0400] "GET /favicon.ico HTTP/1.1" 200 41
::1 - - [19/Jul/2022:01:23:49 +0400] "GET /drivers HTTP/1.1" 200 1400
::1 - - [19/Jul/2022:01:23:49 +0400] "GET /libs/css/custom.css HTTP/1.1" 200 41
::1 - - [19/Jul/2022:01:23:49 +0400] "GET /favicon.ico HTTP/1.1" 200 41
::1 - - [19/Jul/2022:01:23:50 +0400] "GET / HTTP/1.1" 200 1129
::1 - - [19/Jul/2022:01:23:50 +0400] "GET /libs/css/custom.css HTTP/1.1" 200 41
::1 - - [19/Jul/2022:01:23:50 +0400] "GET /favicon.ico HTTP/1.1" 200 41
::1 - - [19/Jul/2022:01:23:51 +0400] "GET /cars HTTP/1.1" 200 4720
::1 - - [19/Jul/2022:01:23:51 +0400] "GET /libs/css/custom.css HTTP/1.1" 200 41
::1 - - [19/Jul/2022:01:23:51 +0400] "GET /favicon.ico HTTP/1.1" 200 41
::1 - - [19/Jul/2022:01:23:52 +0400] "GET /cars/create HTTP/1.1" 200 4129
::1 - - [19/Jul/2022:01:23:52 +0400] "GET /cars/libs/css/custom.css HTTP/1.1" 200 41
::1 - - [19/Jul/2022:01:23:52 +0400] "GET /favicon.ico HTTP/1.1" 200 41
::1 - - [19/Jul/2022:01:23:54 +0400] "GET /cars HTTP/1.1" 200 4720
::1 - - [19/Jul/2022:01:23:54 +0400] "GET /libs/css/custom.css HTTP/1.1" 200 41
::1 - - [19/Jul/2022:01:23:54 +0400] "GET /favicon.ico HTTP/1.1" 200 41
::1 - - [19/Jul/2022:01:23:56 +0400] "GET / HTTP/1.1" 200 1129
::1 - - [19/Jul/2022:01:23:56 +0400] "GET /libs/css/custom.css HTTP/1.1" 200 41
::1 - - [19/Jul/2022:01:23:56 +0400] "GET /favicon.ico HTTP/1.1" 200 41
